<?xml version="1.0" encoding="UTF-8"?>
<testng-results ignored="0" total="1" passed="0" failed="1" skipped="0">
  <reporter-output>
    <line>
      <![CDATA[addRetailerWithMandtoryFieldTest--- Testscript execution starts Here ----]]>
    </line>
    <line>
      <![CDATA[addRetailerWithMandtoryFieldTest23/11/2023 16-37-38--> TestScript execution failed]]>
    </line>
  </reporter-output>
  <suite started-at="2023-11-23T16:37:19 IST" name="Default suite" finished-at="2023-11-23T16:37:39 IST" duration-ms="19103">
    <groups>
      <group name="smoke">
        <method signature="AddRetailerWithMandtoryFieldTest.addRetailerWithMandtoryFieldTest()[pri:0, instance:com.SCM.AdminModule.AddRetailerWithMandtoryFieldTest@175c2241]" name="addRetailerWithMandtoryFieldTest" class="com.SCM.AdminModule.AddRetailerWithMandtoryFieldTest"/>
      </group> <!-- smoke -->
    </groups>
    <test started-at="2023-11-23T16:37:19 IST" name="Default test" finished-at="2023-11-23T16:37:39 IST" duration-ms="19103">
      <class name="com.SCM.AdminModule.AddRetailerWithMandtoryFieldTest">
        <test-method is-config="true" signature="config_BS()[pri:0, instance:com.SCM.AdminModule.AddRetailerWithMandtoryFieldTest@175c2241]" started-at="2023-11-23T16:37:19 IST" name="config_BS" finished-at="2023-11-23T16:37:19 IST" duration-ms="248" status="PASS">
          <reporter-output>
          </reporter-output>
        </test-method> <!-- config_BS -->
        <test-method is-config="true" signature="config_BC()[pri:0, instance:com.SCM.AdminModule.AddRetailerWithMandtoryFieldTest@175c2241]" started-at="2023-11-23T16:37:20 IST" name="config_BC" finished-at="2023-11-23T16:37:22 IST" duration-ms="2802" status="PASS">
          <reporter-output>
          </reporter-output>
        </test-method> <!-- config_BC -->
        <test-method is-config="true" signature="config_BM()[pri:0, instance:com.SCM.AdminModule.AddRetailerWithMandtoryFieldTest@175c2241]" started-at="2023-11-23T16:37:23 IST" name="config_BM" finished-at="2023-11-23T16:37:24 IST" duration-ms="1432" status="PASS">
          <reporter-output>
          </reporter-output>
        </test-method> <!-- config_BM -->
        <test-method signature="addRetailerWithMandtoryFieldTest()[pri:0, instance:com.SCM.AdminModule.AddRetailerWithMandtoryFieldTest@175c2241]" started-at="2023-11-23T16:37:24 IST" name="addRetailerWithMandtoryFieldTest" finished-at="2023-11-23T16:37:38 IST" duration-ms="13932" status="FAIL">
          <exception class="org.openqa.selenium.UnhandledAlertException">
            <message>
              <![CDATA[unexpected alert open: {Alert text : Retailer Added Successfully}
  (Session info: chrome=119.0.6045.160): Retailer Added Successfully
Build info: version: '4.11.0', revision: '040bc5406b'
System info: os.name: 'Windows 10', os.arch: 'amd64', os.version: '10.0', java.version: '16.0.1'
Driver info: org.openqa.selenium.chrome.ChromeDriver
Command: [2a4334744193a7bc8a1828720f971cc7, findElement {using=xpath, value=//td[@id]//td[contains(.,' 560019 (Basavangudi) ')]}]
Capabilities {acceptInsecureCerts: false, browserName: chrome, browserVersion: 119.0.6045.160, chrome: {chromedriverVersion: 119.0.6045.105 (38c72552c5e..., userDataDir: C:\Users\Anuja\AppData\Loca...}, fedcm:accounts: true, goog:chromeOptions: {debuggerAddress: localhost:60121}, networkConnectionEnabled: false, pageLoadStrategy: normal, platformName: windows, proxy: Proxy(), se:cdp: ws://localhost:60121/devtoo..., se:cdpVersion: 119.0.6045.160, setWindowRect: true, strictFileInteractability: false, timeouts: {implicit: 0, pageLoad: 300000, script: 30000}, unhandledPromptBehavior: dismiss and notify, webauthn:extension:credBlob: true, webauthn:extension:largeBlob: true, webauthn:extension:minPinLength: true, webauthn:extension:prf: true, webauthn:virtualAuthenticators: true}
Session ID: 2a4334744193a7bc8a1828720f971cc7]]>
            </message>
            <full-stacktrace>
              <![CDATA[org.openqa.selenium.UnhandledAlertException: unexpected alert open: {Alert text : Retailer Added Successfully}
  (Session info: chrome=119.0.6045.160): Retailer Added Successfully
Build info: version: '4.11.0', revision: '040bc5406b'
System info: os.name: 'Windows 10', os.arch: 'amd64', os.version: '10.0', java.version: '16.0.1'
Driver info: org.openqa.selenium.chrome.ChromeDriver
Command: [2a4334744193a7bc8a1828720f971cc7, findElement {using=xpath, value=//td[@id]//td[contains(.,' 560019 (Basavangudi) ')]}]
Capabilities {acceptInsecureCerts: false, browserName: chrome, browserVersion: 119.0.6045.160, chrome: {chromedriverVersion: 119.0.6045.105 (38c72552c5e..., userDataDir: C:\Users\Anuja\AppData\Loca...}, fedcm:accounts: true, goog:chromeOptions: {debuggerAddress: localhost:60121}, networkConnectionEnabled: false, pageLoadStrategy: normal, platformName: windows, proxy: Proxy(), se:cdp: ws://localhost:60121/devtoo..., se:cdpVersion: 119.0.6045.160, setWindowRect: true, strictFileInteractability: false, timeouts: {implicit: 0, pageLoad: 300000, script: 30000}, unhandledPromptBehavior: dismiss and notify, webauthn:extension:credBlob: true, webauthn:extension:largeBlob: true, webauthn:extension:minPinLength: true, webauthn:extension:prf: true, webauthn:virtualAuthenticators: true}
Session ID: 2a4334744193a7bc8a1828720f971cc7
at org.openqa.selenium.remote.codec.w3c.W3CHttpResponseCodec.decode(W3CHttpResponseCodec.java:131)
at org.openqa.selenium.remote.codec.w3c.W3CHttpResponseCodec.decode(W3CHttpResponseCodec.java:52)
at org.openqa.selenium.remote.HttpCommandExecutor.execute(HttpCommandExecutor.java:191)
at org.openqa.selenium.remote.service.DriverCommandExecutor.invokeExecute(DriverCommandExecutor.java:196)
at org.openqa.selenium.remote.service.DriverCommandExecutor.execute(DriverCommandExecutor.java:171)
at org.openqa.selenium.remote.RemoteWebDriver.execute(RemoteWebDriver.java:518)
at org.openqa.selenium.remote.ElementLocation$ElementFinder$2.findElement(ElementLocation.java:165)
at org.openqa.selenium.remote.ElementLocation.findElement(ElementLocation.java:59)
at org.openqa.selenium.remote.RemoteWebDriver.findElement(RemoteWebDriver.java:355)
at org.openqa.selenium.remote.RemoteWebDriver.findElement(RemoteWebDriver.java:349)
at com.SCM.ObjectPom.AddRetailerPage.retailerValidate(AddRetailerPage.java:99)
at com.SCM.AdminModule.AddRetailerWithMandtoryFieldTest.addRetailerWithMandtoryFieldTest(AddRetailerWithMandtoryFieldTest.java:24)
at java.base/jdk.internal.reflect.NativeMethodAccessorImpl.invoke0(Native Method)
at java.base/jdk.internal.reflect.NativeMethodAccessorImpl.invoke(NativeMethodAccessorImpl.java:78)
at java.base/jdk.internal.reflect.DelegatingMethodAccessorImpl.invoke(DelegatingMethodAccessorImpl.java:43)
at java.base/java.lang.reflect.Method.invoke(Method.java:567)
at org.testng.internal.invokers.MethodInvocationHelper.invokeMethod(MethodInvocationHelper.java:139)
at org.testng.internal.invokers.TestInvoker.invokeMethod(TestInvoker.java:677)
at org.testng.internal.invokers.TestInvoker.invokeTestMethod(TestInvoker.java:221)
at org.testng.internal.invokers.MethodRunner.runInSequence(MethodRunner.java:50)
at org.testng.internal.invokers.TestInvoker$MethodInvocationAgent.invoke(TestInvoker.java:969)
at org.testng.internal.invokers.TestInvoker.invokeTestMethods(TestInvoker.java:194)
at org.testng.internal.invokers.TestMethodWorker.invokeTestMethods(TestMethodWorker.java:148)
at org.testng.internal.invokers.TestMethodWorker.run(TestMethodWorker.java:128)
at java.base/java.util.ArrayList.forEach(ArrayList.java:1511)
at org.testng.TestRunner.privateRun(TestRunner.java:829)
at org.testng.TestRunner.run(TestRunner.java:602)
at org.testng.SuiteRunner.runTest(SuiteRunner.java:437)
at org.testng.SuiteRunner.runSequentially(SuiteRunner.java:431)
at org.testng.SuiteRunner.privateRun(SuiteRunner.java:391)
at org.testng.SuiteRunner.run(SuiteRunner.java:330)
at org.testng.SuiteRunnerWorker.runSuite(SuiteRunnerWorker.java:52)
at org.testng.SuiteRunnerWorker.run(SuiteRunnerWorker.java:95)
at org.testng.TestNG.runSuitesSequentially(TestNG.java:1256)
at org.testng.TestNG.runSuitesLocally(TestNG.java:1176)
at org.testng.TestNG.runSuites(TestNG.java:1099)
at org.testng.TestNG.run(TestNG.java:1067)
at org.testng.remote.AbstractRemoteTestNG.run(AbstractRemoteTestNG.java:115)
at org.testng.remote.RemoteTestNG.initAndRun(RemoteTestNG.java:251)
at org.testng.remote.RemoteTestNG.main(RemoteTestNG.java:77)
]]>
            </full-stacktrace>
          </exception> <!-- org.openqa.selenium.UnhandledAlertException -->
          <reporter-output>
            <line>
              <![CDATA[addRetailerWithMandtoryFieldTest--- Testscript execution starts Here ----]]>
            </line>
            <line>
              <![CDATA[addRetailerWithMandtoryFieldTest23/11/2023 16-37-38--> TestScript execution failed]]>
            </line>
          </reporter-output>
        </test-method> <!-- addRetailerWithMandtoryFieldTest -->
        <test-method is-config="true" signature="config_AM()[pri:0, instance:com.SCM.AdminModule.AddRetailerWithMandtoryFieldTest@175c2241]" started-at="2023-11-23T16:37:38 IST" name="config_AM" finished-at="2023-11-23T16:37:38 IST" duration-ms="94" status="PASS">
          <reporter-output>
          </reporter-output>
        </test-method> <!-- config_AM -->
        <test-method is-config="true" signature="config_AC()[pri:0, instance:com.SCM.AdminModule.AddRetailerWithMandtoryFieldTest@175c2241]" started-at="2023-11-23T16:37:38 IST" name="config_AC" finished-at="2023-11-23T16:37:39 IST" duration-ms="316" status="PASS">
          <reporter-output>
          </reporter-output>
        </test-method> <!-- config_AC -->
        <test-method is-config="true" signature="config_AS()[pri:0, instance:com.SCM.AdminModule.AddRetailerWithMandtoryFieldTest@175c2241]" started-at="2023-11-23T16:37:39 IST" name="config_AS" finished-at="2023-11-23T16:37:39 IST" duration-ms="5" status="PASS">
          <reporter-output>
          </reporter-output>
        </test-method> <!-- config_AS -->
      </class> <!-- com.SCM.AdminModule.AddRetailerWithMandtoryFieldTest -->
    </test> <!-- Default test -->
  </suite> <!-- Default suite -->
</testng-results>
